2024-12-06 15:19:55,791 WARN util.NativeCodeLoader: Unable to load native-hadoop library for your platform... using builtin-java classes where applicable
2024-12-06 15:19:55,918 INFO impl.MetricsConfig: Loaded properties from hadoop-metrics2.properties
2024-12-06 15:19:56,036 INFO impl.MetricsSystemImpl: Scheduled Metric snapshot period at 10 second(s).
2024-12-06 15:19:56,036 INFO impl.MetricsSystemImpl: JobTracker metrics system started
2024-12-06 15:19:56,086 WARN mapreduce.JobResourceUploader: Hadoop command-line option parsing not performed. Implement the Tool interface and execute your application with ToolRunner to remedy this.
2024-12-06 15:19:56,163 INFO input.FileInputFormat: Total input files to process : 2
2024-12-06 15:19:56,200 INFO mapreduce.JobSubmitter: number of splits:2
2024-12-06 15:19:56,277 INFO mapreduce.JobSubmitter: Submitting tokens for job: job_local1707095627_0001
2024-12-06 15:19:56,277 INFO mapreduce.JobSubmitter: Executing with tokens: []
2024-12-06 15:19:56,349 INFO mapreduce.Job: The url to track the job: http://localhost:8080/
2024-12-06 15:19:56,350 INFO mapreduce.Job: Running job: job_local1707095627_0001
2024-12-06 15:19:56,352 INFO mapred.LocalJobRunner: OutputCommitter set in config null
2024-12-06 15:19:56,356 INFO output.PathOutputCommitterFactory: No output committer factory defined, defaulting to FileOutputCommitterFactory
2024-12-06 15:19:56,357 INFO output.FileOutputCommitter: File Output Committer Algorithm version is 2
2024-12-06 15:19:56,357 INFO output.FileOutputCommitter: FileOutputCommitter skip cleanup _temporary folders under output directory:false, ignore cleanup failures: false
2024-12-06 15:19:56,357 INFO mapred.LocalJobRunner: OutputCommitter is org.apache.hadoop.mapreduce.lib.output.FileOutputCommitter
2024-12-06 15:19:56,388 INFO mapred.LocalJobRunner: Waiting for map tasks
2024-12-06 15:19:56,388 INFO mapred.LocalJobRunner: Starting task: attempt_local1707095627_0001_m_000000_0
2024-12-06 15:19:56,398 INFO output.PathOutputCommitterFactory: No output committer factory defined, defaulting to FileOutputCommitterFactory
2024-12-06 15:19:56,398 INFO output.FileOutputCommitter: File Output Committer Algorithm version is 2
2024-12-06 15:19:56,399 INFO output.FileOutputCommitter: FileOutputCommitter skip cleanup _temporary folders under output directory:false, ignore cleanup failures: false
2024-12-06 15:19:56,403 INFO util.ProcfsBasedProcessTree: ProcfsBasedProcessTree currently is supported only on Linux.
2024-12-06 15:19:56,403 INFO mapred.Task:  Using ResourceCalculatorProcessTree : null
2024-12-06 15:19:56,405 INFO mapred.MapTask: Processing split: file:/Users/wellzhang/Desktop/6240/project-got-an-offer/input/A_blocks.txt:0+1680036
2024-12-06 15:19:56,425 INFO mapred.MapTask: (EQUATOR) 0 kvi 26214396(104857584)
2024-12-06 15:19:56,425 INFO mapred.MapTask: mapreduce.task.io.sort.mb: 100
2024-12-06 15:19:56,425 INFO mapred.MapTask: soft limit at 83886080
2024-12-06 15:19:56,425 INFO mapred.MapTask: bufstart = 0; bufvoid = 104857600
2024-12-06 15:19:56,425 INFO mapred.MapTask: kvstart = 26214396; length = 6553600
2024-12-06 15:19:56,428 INFO mapred.MapTask: Map output collector class = org.apache.hadoop.mapred.MapTask$MapOutputBuffer
2024-12-06 15:19:56,467 INFO mapred.LocalJobRunner: 
2024-12-06 15:19:56,468 INFO mapred.MapTask: Starting flush of map output
2024-12-06 15:19:56,468 INFO mapred.MapTask: Spilling map output
2024-12-06 15:19:56,468 INFO mapred.MapTask: bufstart = 0; bufend = 3360132; bufvoid = 104857600
2024-12-06 15:19:56,468 INFO mapred.MapTask: kvstart = 26214396(104857584); kvend = 26214352(104857408); length = 45/6553600
2024-12-06 15:19:56,482 INFO mapred.MapTask: Finished spill 0
2024-12-06 15:19:56,490 INFO mapred.Task: Task:attempt_local1707095627_0001_m_000000_0 is done. And is in the process of committing
2024-12-06 15:19:56,491 INFO mapred.LocalJobRunner: map
2024-12-06 15:19:56,491 INFO mapred.Task: Task 'attempt_local1707095627_0001_m_000000_0' done.
2024-12-06 15:19:56,494 INFO mapred.Task: Final Counters for attempt_local1707095627_0001_m_000000_0: Counters: 17
	File System Counters
		FILE: Number of bytes read=1690591
		FILE: Number of bytes written=4016834
		FILE: Number of read operations=0
		FILE: Number of large read operations=0
		FILE: Number of write operations=0
	Map-Reduce Framework
		Map input records=6
		Map output records=12
		Map output bytes=3360132
		Map output materialized bytes=3360216
		Input split bytes=139
		Combine input records=0
		Spilled Records=12
		Failed Shuffles=0
		Merged Map outputs=0
		GC time elapsed (ms)=5
		Total committed heap usage (bytes)=536870912
	File Input Format Counters 
		Bytes Read=1680036
2024-12-06 15:19:56,494 INFO mapred.LocalJobRunner: Finishing task: attempt_local1707095627_0001_m_000000_0
2024-12-06 15:19:56,495 INFO mapred.LocalJobRunner: Starting task: attempt_local1707095627_0001_m_000001_0
2024-12-06 15:19:56,496 INFO output.PathOutputCommitterFactory: No output committer factory defined, defaulting to FileOutputCommitterFactory
2024-12-06 15:19:56,496 INFO output.FileOutputCommitter: File Output Committer Algorithm version is 2
2024-12-06 15:19:56,496 INFO output.FileOutputCommitter: FileOutputCommitter skip cleanup _temporary folders under output directory:false, ignore cleanup failures: false
2024-12-06 15:19:56,496 INFO util.ProcfsBasedProcessTree: ProcfsBasedProcessTree currently is supported only on Linux.
2024-12-06 15:19:56,496 INFO mapred.Task:  Using ResourceCalculatorProcessTree : null
2024-12-06 15:19:56,497 INFO mapred.MapTask: Processing split: file:/Users/wellzhang/Desktop/6240/project-got-an-offer/input/B_blocks.txt:0+1680036
2024-12-06 15:19:56,520 INFO mapred.MapTask: (EQUATOR) 0 kvi 26214396(104857584)
2024-12-06 15:19:56,520 INFO mapred.MapTask: mapreduce.task.io.sort.mb: 100
2024-12-06 15:19:56,520 INFO mapred.MapTask: soft limit at 83886080
2024-12-06 15:19:56,520 INFO mapred.MapTask: bufstart = 0; bufvoid = 104857600
2024-12-06 15:19:56,520 INFO mapred.MapTask: kvstart = 26214396; length = 6553600
2024-12-06 15:19:56,520 INFO mapred.MapTask: Map output collector class = org.apache.hadoop.mapred.MapTask$MapOutputBuffer
2024-12-06 15:19:56,539 INFO mapred.LocalJobRunner: 
2024-12-06 15:19:56,539 INFO mapred.MapTask: Starting flush of map output
2024-12-06 15:19:56,539 INFO mapred.MapTask: Spilling map output
2024-12-06 15:19:56,539 INFO mapred.MapTask: bufstart = 0; bufend = 3360132; bufvoid = 104857600
2024-12-06 15:19:56,539 INFO mapred.MapTask: kvstart = 26214396(104857584); kvend = 26214352(104857408); length = 45/6553600
2024-12-06 15:19:56,548 INFO mapred.MapTask: Finished spill 0
2024-12-06 15:19:56,554 INFO mapred.Task: Task:attempt_local1707095627_0001_m_000001_0 is done. And is in the process of committing
2024-12-06 15:19:56,555 INFO mapred.LocalJobRunner: map
2024-12-06 15:19:56,555 INFO mapred.Task: Task 'attempt_local1707095627_0001_m_000001_0' done.
2024-12-06 15:19:56,555 INFO mapred.Task: Final Counters for attempt_local1707095627_0001_m_000001_0: Counters: 17
	File System Counters
		FILE: Number of bytes read=3370924
		FILE: Number of bytes written=7377154
		FILE: Number of read operations=0
		FILE: Number of large read operations=0
		FILE: Number of write operations=0
	Map-Reduce Framework
		Map input records=6
		Map output records=12
		Map output bytes=3360132
		Map output materialized bytes=3360216
		Input split bytes=139
		Combine input records=0
		Spilled Records=12
		Failed Shuffles=0
		Merged Map outputs=0
		GC time elapsed (ms)=0
		Total committed heap usage (bytes)=536870912
	File Input Format Counters 
		Bytes Read=1680036
2024-12-06 15:19:56,555 INFO mapred.LocalJobRunner: Finishing task: attempt_local1707095627_0001_m_000001_0
2024-12-06 15:19:56,555 INFO mapred.LocalJobRunner: map task executor complete.
2024-12-06 15:19:56,558 INFO mapred.LocalJobRunner: Waiting for reduce tasks
2024-12-06 15:19:56,558 INFO mapred.LocalJobRunner: Starting task: attempt_local1707095627_0001_r_000000_0
2024-12-06 15:19:56,561 INFO output.PathOutputCommitterFactory: No output committer factory defined, defaulting to FileOutputCommitterFactory
2024-12-06 15:19:56,561 INFO output.FileOutputCommitter: File Output Committer Algorithm version is 2
2024-12-06 15:19:56,561 INFO output.FileOutputCommitter: FileOutputCommitter skip cleanup _temporary folders under output directory:false, ignore cleanup failures: false
2024-12-06 15:19:56,562 INFO util.ProcfsBasedProcessTree: ProcfsBasedProcessTree currently is supported only on Linux.
2024-12-06 15:19:56,562 INFO mapred.Task:  Using ResourceCalculatorProcessTree : null
2024-12-06 15:19:56,563 INFO mapred.ReduceTask: Using ShuffleConsumerPlugin: org.apache.hadoop.mapreduce.task.reduce.Shuffle@4a5d1303
2024-12-06 15:19:56,564 WARN impl.MetricsSystemImpl: JobTracker metrics system already initialized!
2024-12-06 15:19:56,571 INFO reduce.MergeManagerImpl: MergerManager: memoryLimit=6012954112, maxSingleShuffleLimit=1503238528, mergeThreshold=3968549888, ioSortFactor=10, memToMemMergeOutputsThreshold=10
2024-12-06 15:19:56,572 INFO reduce.EventFetcher: attempt_local1707095627_0001_r_000000_0 Thread started: EventFetcher for fetching Map Completion Events
2024-12-06 15:19:56,587 INFO reduce.LocalFetcher: localfetcher#1 about to shuffle output of map attempt_local1707095627_0001_m_000001_0 decomp: 840050 len: 840054 to MEMORY
2024-12-06 15:19:56,588 INFO reduce.InMemoryMapOutput: Read 840050 bytes from map-output for attempt_local1707095627_0001_m_000001_0
2024-12-06 15:19:56,589 INFO reduce.MergeManagerImpl: closeInMemoryFile -> map-output of size: 840050, inMemoryMapOutputs.size() -> 1, commitMemory -> 0, usedMemory ->840050
2024-12-06 15:19:56,591 INFO reduce.LocalFetcher: localfetcher#1 about to shuffle output of map attempt_local1707095627_0001_m_000000_0 decomp: 840050 len: 840054 to MEMORY
2024-12-06 15:19:56,592 INFO reduce.InMemoryMapOutput: Read 840050 bytes from map-output for attempt_local1707095627_0001_m_000000_0
2024-12-06 15:19:56,592 INFO reduce.MergeManagerImpl: closeInMemoryFile -> map-output of size: 840050, inMemoryMapOutputs.size() -> 2, commitMemory -> 840050, usedMemory ->1680100
2024-12-06 15:19:56,592 INFO reduce.EventFetcher: EventFetcher is interrupted.. Returning
2024-12-06 15:19:56,592 INFO mapred.LocalJobRunner: 2 / 2 copied.
2024-12-06 15:19:56,592 INFO reduce.MergeManagerImpl: finalMerge called with 2 in-memory map-outputs and 0 on-disk map-outputs
2024-12-06 15:19:56,599 INFO mapred.Merger: Merging 2 sorted segments
2024-12-06 15:19:56,599 INFO mapred.Merger: Down to the last merge-pass, with 2 segments left of total size: 1680082 bytes
2024-12-06 15:19:56,603 INFO reduce.MergeManagerImpl: Merged 2 segments, 1680100 bytes to disk to satisfy reduce memory limit
2024-12-06 15:19:56,603 INFO reduce.MergeManagerImpl: Merging 1 files, 1680102 bytes from disk
2024-12-06 15:19:56,604 INFO reduce.MergeManagerImpl: Merging 0 segments, 0 bytes from memory into reduce
2024-12-06 15:19:56,604 INFO mapred.Merger: Merging 1 sorted segments
2024-12-06 15:19:56,604 INFO mapred.Merger: Down to the last merge-pass, with 1 segments left of total size: 1680089 bytes
2024-12-06 15:19:56,604 INFO mapred.LocalJobRunner: 2 / 2 copied.
2024-12-06 15:19:56,617 INFO Configuration.deprecation: mapred.skip.on is deprecated. Instead, use mapreduce.job.skiprecords
2024-12-06 15:19:56,735 INFO mapred.Task: Task:attempt_local1707095627_0001_r_000000_0 is done. And is in the process of committing
2024-12-06 15:19:56,735 INFO mapred.LocalJobRunner: 2 / 2 copied.
2024-12-06 15:19:56,735 INFO mapred.Task: Task attempt_local1707095627_0001_r_000000_0 is allowed to commit now
2024-12-06 15:19:56,736 INFO output.FileOutputCommitter: Saved output of task 'attempt_local1707095627_0001_r_000000_0' to file:/Users/wellzhang/Desktop/6240/project-got-an-offer/output-local
2024-12-06 15:19:56,736 INFO mapred.LocalJobRunner: reduce > reduce
2024-12-06 15:19:56,736 INFO mapred.Task: Task 'attempt_local1707095627_0001_r_000000_0' done.
2024-12-06 15:19:56,736 INFO mapred.Task: Final Counters for attempt_local1707095627_0001_r_000000_0: Counters: 24
	File System Counters
		FILE: Number of bytes read=6739526
		FILE: Number of bytes written=9744994
		FILE: Number of read operations=0
		FILE: Number of large read operations=0
		FILE: Number of write operations=0
	Map-Reduce Framework
		Combine input records=0
		Combine output records=0
		Reduce input groups=1
		Reduce shuffle bytes=1680108
		Reduce input records=6
		Reduce output records=1
		Spilled Records=6
		Shuffled Maps =2
		Failed Shuffles=0
		Merged Map outputs=2
		GC time elapsed (ms)=4
		Total committed heap usage (bytes)=645922816
	Shuffle Errors
		BAD_ID=0
		CONNECTION=0
		IO_ERROR=0
		WRONG_LENGTH=0
		WRONG_MAP=0
		WRONG_REDUCE=0
	File Output Format Counters 
		Bytes Written=687738
2024-12-06 15:19:56,736 INFO mapred.LocalJobRunner: Finishing task: attempt_local1707095627_0001_r_000000_0
2024-12-06 15:19:56,737 INFO mapred.LocalJobRunner: Starting task: attempt_local1707095627_0001_r_000001_0
2024-12-06 15:19:56,737 INFO output.PathOutputCommitterFactory: No output committer factory defined, defaulting to FileOutputCommitterFactory
2024-12-06 15:19:56,737 INFO output.FileOutputCommitter: File Output Committer Algorithm version is 2
2024-12-06 15:19:56,737 INFO output.FileOutputCommitter: FileOutputCommitter skip cleanup _temporary folders under output directory:false, ignore cleanup failures: false
2024-12-06 15:19:56,738 INFO util.ProcfsBasedProcessTree: ProcfsBasedProcessTree currently is supported only on Linux.
2024-12-06 15:19:56,738 INFO mapred.Task:  Using ResourceCalculatorProcessTree : null
2024-12-06 15:19:56,738 INFO mapred.ReduceTask: Using ShuffleConsumerPlugin: org.apache.hadoop.mapreduce.task.reduce.Shuffle@4891ed56
2024-12-06 15:19:56,738 WARN impl.MetricsSystemImpl: JobTracker metrics system already initialized!
2024-12-06 15:19:56,738 INFO reduce.MergeManagerImpl: MergerManager: memoryLimit=6012954112, maxSingleShuffleLimit=1503238528, mergeThreshold=3968549888, ioSortFactor=10, memToMemMergeOutputsThreshold=10
2024-12-06 15:19:56,738 INFO reduce.EventFetcher: attempt_local1707095627_0001_r_000001_0 Thread started: EventFetcher for fetching Map Completion Events
2024-12-06 15:19:56,739 INFO reduce.LocalFetcher: localfetcher#2 about to shuffle output of map attempt_local1707095627_0001_m_000001_0 decomp: 840050 len: 840054 to MEMORY
2024-12-06 15:19:56,740 INFO reduce.InMemoryMapOutput: Read 840050 bytes from map-output for attempt_local1707095627_0001_m_000001_0
2024-12-06 15:19:56,740 INFO reduce.MergeManagerImpl: closeInMemoryFile -> map-output of size: 840050, inMemoryMapOutputs.size() -> 1, commitMemory -> 0, usedMemory ->840050
2024-12-06 15:19:56,741 INFO reduce.LocalFetcher: localfetcher#2 about to shuffle output of map attempt_local1707095627_0001_m_000000_0 decomp: 840050 len: 840054 to MEMORY
2024-12-06 15:19:56,742 INFO reduce.InMemoryMapOutput: Read 840050 bytes from map-output for attempt_local1707095627_0001_m_000000_0
2024-12-06 15:19:56,742 INFO reduce.MergeManagerImpl: closeInMemoryFile -> map-output of size: 840050, inMemoryMapOutputs.size() -> 2, commitMemory -> 840050, usedMemory ->1680100
2024-12-06 15:19:56,742 INFO reduce.EventFetcher: EventFetcher is interrupted.. Returning
2024-12-06 15:19:56,742 INFO mapred.LocalJobRunner: 2 / 2 copied.
2024-12-06 15:19:56,742 INFO reduce.MergeManagerImpl: finalMerge called with 2 in-memory map-outputs and 0 on-disk map-outputs
2024-12-06 15:19:56,746 INFO mapred.Merger: Merging 2 sorted segments
2024-12-06 15:19:56,746 INFO mapred.Merger: Down to the last merge-pass, with 2 segments left of total size: 1680082 bytes
2024-12-06 15:19:56,750 INFO reduce.MergeManagerImpl: Merged 2 segments, 1680100 bytes to disk to satisfy reduce memory limit
2024-12-06 15:19:56,751 INFO reduce.MergeManagerImpl: Merging 1 files, 1680102 bytes from disk
2024-12-06 15:19:56,751 INFO reduce.MergeManagerImpl: Merging 0 segments, 0 bytes from memory into reduce
2024-12-06 15:19:56,751 INFO mapred.Merger: Merging 1 sorted segments
2024-12-06 15:19:56,751 INFO mapred.Merger: Down to the last merge-pass, with 1 segments left of total size: 1680089 bytes
2024-12-06 15:19:56,751 INFO mapred.LocalJobRunner: 2 / 2 copied.
2024-12-06 15:19:56,839 INFO mapred.Task: Task:attempt_local1707095627_0001_r_000001_0 is done. And is in the process of committing
2024-12-06 15:19:56,839 INFO mapred.LocalJobRunner: 2 / 2 copied.
2024-12-06 15:19:56,839 INFO mapred.Task: Task attempt_local1707095627_0001_r_000001_0 is allowed to commit now
2024-12-06 15:19:56,840 INFO output.FileOutputCommitter: Saved output of task 'attempt_local1707095627_0001_r_000001_0' to file:/Users/wellzhang/Desktop/6240/project-got-an-offer/output-local
2024-12-06 15:19:56,840 INFO mapred.LocalJobRunner: reduce > reduce
2024-12-06 15:19:56,840 INFO mapred.Task: Task 'attempt_local1707095627_0001_r_000001_0' done.
2024-12-06 15:19:56,840 INFO mapred.Task: Final Counters for attempt_local1707095627_0001_r_000001_0: Counters: 24
	File System Counters
		FILE: Number of bytes read=10108128
		FILE: Number of bytes written=12112186
		FILE: Number of read operations=0
		FILE: Number of large read operations=0
		FILE: Number of write operations=0
	Map-Reduce Framework
		Combine input records=0
		Combine output records=0
		Reduce input groups=1
		Reduce shuffle bytes=1680108
		Reduce input records=6
		Reduce output records=1
		Spilled Records=6
		Shuffled Maps =2
		Failed Shuffles=0
		Merged Map outputs=2
		GC time elapsed (ms)=0
		Total committed heap usage (bytes)=645922816
	Shuffle Errors
		BAD_ID=0
		CONNECTION=0
		IO_ERROR=0
		WRONG_LENGTH=0
		WRONG_MAP=0
		WRONG_REDUCE=0
	File Output Format Counters 
		Bytes Written=687090
2024-12-06 15:19:56,840 INFO mapred.LocalJobRunner: Finishing task: attempt_local1707095627_0001_r_000001_0
2024-12-06 15:19:56,840 INFO mapred.LocalJobRunner: Starting task: attempt_local1707095627_0001_r_000002_0
2024-12-06 15:19:56,841 INFO output.PathOutputCommitterFactory: No output committer factory defined, defaulting to FileOutputCommitterFactory
2024-12-06 15:19:56,841 INFO output.FileOutputCommitter: File Output Committer Algorithm version is 2
2024-12-06 15:19:56,841 INFO output.FileOutputCommitter: FileOutputCommitter skip cleanup _temporary folders under output directory:false, ignore cleanup failures: false
2024-12-06 15:19:56,841 INFO util.ProcfsBasedProcessTree: ProcfsBasedProcessTree currently is supported only on Linux.
2024-12-06 15:19:56,841 INFO mapred.Task:  Using ResourceCalculatorProcessTree : null
2024-12-06 15:19:56,841 INFO mapred.ReduceTask: Using ShuffleConsumerPlugin: org.apache.hadoop.mapreduce.task.reduce.Shuffle@5cb4991f
2024-12-06 15:19:56,841 WARN impl.MetricsSystemImpl: JobTracker metrics system already initialized!
2024-12-06 15:19:56,842 INFO reduce.MergeManagerImpl: MergerManager: memoryLimit=6012954112, maxSingleShuffleLimit=1503238528, mergeThreshold=3968549888, ioSortFactor=10, memToMemMergeOutputsThreshold=10
2024-12-06 15:19:56,842 INFO reduce.EventFetcher: attempt_local1707095627_0001_r_000002_0 Thread started: EventFetcher for fetching Map Completion Events
2024-12-06 15:19:56,843 INFO reduce.LocalFetcher: localfetcher#3 about to shuffle output of map attempt_local1707095627_0001_m_000001_0 decomp: 840050 len: 840054 to MEMORY
2024-12-06 15:19:56,843 INFO reduce.InMemoryMapOutput: Read 840050 bytes from map-output for attempt_local1707095627_0001_m_000001_0
2024-12-06 15:19:56,844 INFO reduce.MergeManagerImpl: closeInMemoryFile -> map-output of size: 840050, inMemoryMapOutputs.size() -> 1, commitMemory -> 0, usedMemory ->840050
2024-12-06 15:19:56,844 INFO reduce.LocalFetcher: localfetcher#3 about to shuffle output of map attempt_local1707095627_0001_m_000000_0 decomp: 840050 len: 840054 to MEMORY
2024-12-06 15:19:56,845 INFO reduce.InMemoryMapOutput: Read 840050 bytes from map-output for attempt_local1707095627_0001_m_000000_0
2024-12-06 15:19:56,845 INFO reduce.MergeManagerImpl: closeInMemoryFile -> map-output of size: 840050, inMemoryMapOutputs.size() -> 2, commitMemory -> 840050, usedMemory ->1680100
2024-12-06 15:19:56,845 INFO reduce.EventFetcher: EventFetcher is interrupted.. Returning
2024-12-06 15:19:56,845 INFO mapred.LocalJobRunner: 2 / 2 copied.
2024-12-06 15:19:56,845 INFO reduce.MergeManagerImpl: finalMerge called with 2 in-memory map-outputs and 0 on-disk map-outputs
2024-12-06 15:19:56,849 INFO mapred.Merger: Merging 2 sorted segments
2024-12-06 15:19:56,849 INFO mapred.Merger: Down to the last merge-pass, with 2 segments left of total size: 1680082 bytes
2024-12-06 15:19:56,853 INFO reduce.MergeManagerImpl: Merged 2 segments, 1680100 bytes to disk to satisfy reduce memory limit
2024-12-06 15:19:56,854 INFO reduce.MergeManagerImpl: Merging 1 files, 1680102 bytes from disk
2024-12-06 15:19:56,854 INFO reduce.MergeManagerImpl: Merging 0 segments, 0 bytes from memory into reduce
2024-12-06 15:19:56,854 INFO mapred.Merger: Merging 1 sorted segments
2024-12-06 15:19:56,854 INFO mapred.Merger: Down to the last merge-pass, with 1 segments left of total size: 1680089 bytes
2024-12-06 15:19:56,854 INFO mapred.LocalJobRunner: 2 / 2 copied.
2024-12-06 15:19:56,915 INFO mapred.Task: Task:attempt_local1707095627_0001_r_000002_0 is done. And is in the process of committing
2024-12-06 15:19:56,916 INFO mapred.LocalJobRunner: 2 / 2 copied.
2024-12-06 15:19:56,916 INFO mapred.Task: Task attempt_local1707095627_0001_r_000002_0 is allowed to commit now
2024-12-06 15:19:56,917 INFO output.FileOutputCommitter: Saved output of task 'attempt_local1707095627_0001_r_000002_0' to file:/Users/wellzhang/Desktop/6240/project-got-an-offer/output-local
2024-12-06 15:19:56,917 INFO mapred.LocalJobRunner: reduce > reduce
2024-12-06 15:19:56,917 INFO mapred.Task: Task 'attempt_local1707095627_0001_r_000002_0' done.
2024-12-06 15:19:56,917 INFO mapred.Task: Final Counters for attempt_local1707095627_0001_r_000002_0: Counters: 24
	File System Counters
		FILE: Number of bytes read=13476730
		FILE: Number of bytes written=14480157
		FILE: Number of read operations=0
		FILE: Number of large read operations=0
		FILE: Number of write operations=0
	Map-Reduce Framework
		Combine input records=0
		Combine output records=0
		Reduce input groups=1
		Reduce shuffle bytes=1680108
		Reduce input records=6
		Reduce output records=1
		Spilled Records=6
		Shuffled Maps =2
		Failed Shuffles=0
		Merged Map outputs=2
		GC time elapsed (ms)=0
		Total committed heap usage (bytes)=645922816
	Shuffle Errors
		BAD_ID=0
		CONNECTION=0
		IO_ERROR=0
		WRONG_LENGTH=0
		WRONG_MAP=0
		WRONG_REDUCE=0
	File Output Format Counters 
		Bytes Written=687869
2024-12-06 15:19:56,917 INFO mapred.LocalJobRunner: Finishing task: attempt_local1707095627_0001_r_000002_0
2024-12-06 15:19:56,917 INFO mapred.LocalJobRunner: Starting task: attempt_local1707095627_0001_r_000003_0
2024-12-06 15:19:56,918 INFO output.PathOutputCommitterFactory: No output committer factory defined, defaulting to FileOutputCommitterFactory
2024-12-06 15:19:56,918 INFO output.FileOutputCommitter: File Output Committer Algorithm version is 2
2024-12-06 15:19:56,918 INFO output.FileOutputCommitter: FileOutputCommitter skip cleanup _temporary folders under output directory:false, ignore cleanup failures: false
2024-12-06 15:19:56,918 INFO util.ProcfsBasedProcessTree: ProcfsBasedProcessTree currently is supported only on Linux.
2024-12-06 15:19:56,918 INFO mapred.Task:  Using ResourceCalculatorProcessTree : null
2024-12-06 15:19:56,918 INFO mapred.ReduceTask: Using ShuffleConsumerPlugin: org.apache.hadoop.mapreduce.task.reduce.Shuffle@368ffb72
2024-12-06 15:19:56,918 WARN impl.MetricsSystemImpl: JobTracker metrics system already initialized!
2024-12-06 15:19:56,919 INFO reduce.MergeManagerImpl: MergerManager: memoryLimit=6012954112, maxSingleShuffleLimit=1503238528, mergeThreshold=3968549888, ioSortFactor=10, memToMemMergeOutputsThreshold=10
2024-12-06 15:19:56,919 INFO reduce.EventFetcher: attempt_local1707095627_0001_r_000003_0 Thread started: EventFetcher for fetching Map Completion Events
2024-12-06 15:19:56,920 INFO reduce.LocalFetcher: localfetcher#4 about to shuffle output of map attempt_local1707095627_0001_m_000001_0 decomp: 840050 len: 840054 to MEMORY
2024-12-06 15:19:56,920 INFO reduce.InMemoryMapOutput: Read 840050 bytes from map-output for attempt_local1707095627_0001_m_000001_0
2024-12-06 15:19:56,921 INFO reduce.MergeManagerImpl: closeInMemoryFile -> map-output of size: 840050, inMemoryMapOutputs.size() -> 1, commitMemory -> 0, usedMemory ->840050
2024-12-06 15:19:56,921 INFO reduce.LocalFetcher: localfetcher#4 about to shuffle output of map attempt_local1707095627_0001_m_000000_0 decomp: 840050 len: 840054 to MEMORY
2024-12-06 15:19:56,922 INFO reduce.InMemoryMapOutput: Read 840050 bytes from map-output for attempt_local1707095627_0001_m_000000_0
2024-12-06 15:19:56,922 INFO reduce.MergeManagerImpl: closeInMemoryFile -> map-output of size: 840050, inMemoryMapOutputs.size() -> 2, commitMemory -> 840050, usedMemory ->1680100
2024-12-06 15:19:56,922 INFO reduce.EventFetcher: EventFetcher is interrupted.. Returning
2024-12-06 15:19:56,922 INFO mapred.LocalJobRunner: 2 / 2 copied.
2024-12-06 15:19:56,922 INFO reduce.MergeManagerImpl: finalMerge called with 2 in-memory map-outputs and 0 on-disk map-outputs
2024-12-06 15:19:56,926 INFO mapred.Merger: Merging 2 sorted segments
2024-12-06 15:19:56,926 INFO mapred.Merger: Down to the last merge-pass, with 2 segments left of total size: 1680082 bytes
2024-12-06 15:19:56,933 INFO reduce.MergeManagerImpl: Merged 2 segments, 1680100 bytes to disk to satisfy reduce memory limit
2024-12-06 15:19:56,934 INFO reduce.MergeManagerImpl: Merging 1 files, 1680102 bytes from disk
2024-12-06 15:19:56,934 INFO reduce.MergeManagerImpl: Merging 0 segments, 0 bytes from memory into reduce
2024-12-06 15:19:56,934 INFO mapred.Merger: Merging 1 sorted segments
2024-12-06 15:19:56,934 INFO mapred.Merger: Down to the last merge-pass, with 1 segments left of total size: 1680089 bytes
2024-12-06 15:19:56,934 INFO mapred.LocalJobRunner: 2 / 2 copied.
2024-12-06 15:19:56,995 INFO mapred.Task: Task:attempt_local1707095627_0001_r_000003_0 is done. And is in the process of committing
2024-12-06 15:19:56,995 INFO mapred.LocalJobRunner: 2 / 2 copied.
2024-12-06 15:19:56,995 INFO mapred.Task: Task attempt_local1707095627_0001_r_000003_0 is allowed to commit now
2024-12-06 15:19:56,996 INFO output.FileOutputCommitter: Saved output of task 'attempt_local1707095627_0001_r_000003_0' to file:/Users/wellzhang/Desktop/6240/project-got-an-offer/output-local
2024-12-06 15:19:56,996 INFO mapred.LocalJobRunner: reduce > reduce
2024-12-06 15:19:56,996 INFO mapred.Task: Task 'attempt_local1707095627_0001_r_000003_0' done.
2024-12-06 15:19:56,996 INFO mapred.Task: Final Counters for attempt_local1707095627_0001_r_000003_0: Counters: 24
	File System Counters
		FILE: Number of bytes read=16837148
		FILE: Number of bytes written=16849010
		FILE: Number of read operations=0
		FILE: Number of large read operations=0
		FILE: Number of write operations=0
	Map-Reduce Framework
		Combine input records=0
		Combine output records=0
		Reduce input groups=1
		Reduce shuffle bytes=1680108
		Reduce input records=6
		Reduce output records=1
		Spilled Records=6
		Shuffled Maps =2
		Failed Shuffles=0
		Merged Map outputs=2
		GC time elapsed (ms)=0
		Total committed heap usage (bytes)=645922816
	Shuffle Errors
		BAD_ID=0
		CONNECTION=0
		IO_ERROR=0
		WRONG_LENGTH=0
		WRONG_MAP=0
		WRONG_REDUCE=0
	File Output Format Counters 
		Bytes Written=688751
2024-12-06 15:19:56,996 INFO mapred.LocalJobRunner: Finishing task: attempt_local1707095627_0001_r_000003_0
2024-12-06 15:19:56,996 INFO mapred.LocalJobRunner: reduce task executor complete.
2024-12-06 15:19:57,361 INFO mapreduce.Job: Job job_local1707095627_0001 running in uber mode : false
2024-12-06 15:19:57,362 INFO mapreduce.Job:  map 100% reduce 100%
2024-12-06 15:19:57,364 INFO mapreduce.Job: Job job_local1707095627_0001 completed successfully
2024-12-06 15:19:57,375 INFO mapreduce.Job: Counters: 30
	File System Counters
		FILE: Number of bytes read=52223047
		FILE: Number of bytes written=64580335
		FILE: Number of read operations=0
		FILE: Number of large read operations=0
		FILE: Number of write operations=0
	Map-Reduce Framework
		Map input records=12
		Map output records=24
		Map output bytes=6720264
		Map output materialized bytes=6720432
		Input split bytes=278
		Combine input records=0
		Combine output records=0
		Reduce input groups=4
		Reduce shuffle bytes=6720432
		Reduce input records=24
		Reduce output records=4
		Spilled Records=48
		Shuffled Maps =8
		Failed Shuffles=0
		Merged Map outputs=8
		GC time elapsed (ms)=9
		Total committed heap usage (bytes)=3657433088
	Shuffle Errors
		BAD_ID=0
		CONNECTION=0
		IO_ERROR=0
		WRONG_LENGTH=0
		WRONG_MAP=0
		WRONG_REDUCE=0
	File Input Format Counters 
		Bytes Read=3360072
	File Output Format Counters 
		Bytes Written=2751448
